<?xml version="1.0" encoding="UTF-8"?>
<testsuite xmlns:xsi="http://www.w3.org/2001/XMLSchema-instance" xsi:noNamespaceSchemaLocation="https://maven.apache.org/surefire/maven-surefire-plugin/xsd/surefire-test-report-3.0.xsd" version="3.0" name="edu.school21.numbers.NumberWorkerTest" time="0.18" tests="70" errors="0" skipped="0" failures="0">
  <properties>
    <property name="java.specification.version" value="18"/>
    <property name="sun.jnu.encoding" value="UTF-8"/>
    <property name="java.class.path" value="/opt/goinfre/cflossie/Java_Bootcamp._Day06-2/src/ex02/Tests/target/test-classes:/opt/goinfre/cflossie/Java_Bootcamp._Day06-2/src/ex02/Tests/target/classes:/Users/cflossie/.m2/repository/org/junit/jupiter/junit-jupiter-engine/5.8.2/junit-jupiter-engine-5.8.2.jar:/Users/cflossie/.m2/repository/org/junit/platform/junit-platform-engine/1.8.2/junit-platform-engine-1.8.2.jar:/Users/cflossie/.m2/repository/org/apiguardian/apiguardian-api/1.1.2/apiguardian-api-1.1.2.jar:/Users/cflossie/.m2/repository/org/junit/jupiter/junit-jupiter-params/5.8.2/junit-jupiter-params-5.8.2.jar:/Users/cflossie/.m2/repository/org/junit/jupiter/junit-jupiter-api/5.8.2/junit-jupiter-api-5.8.2.jar:/Users/cflossie/.m2/repository/org/opentest4j/opentest4j/1.2.0/opentest4j-1.2.0.jar:/Users/cflossie/.m2/repository/org/junit/platform/junit-platform-commons/1.8.2/junit-platform-commons-1.8.2.jar:/Users/cflossie/.m2/repository/org/springframework/spring-jdbc/5.3.14/spring-jdbc-5.3.14.jar:/Users/cflossie/.m2/repository/org/springframework/spring-beans/5.3.14/spring-beans-5.3.14.jar:/Users/cflossie/.m2/repository/org/springframework/spring-core/5.3.14/spring-core-5.3.14.jar:/Users/cflossie/.m2/repository/org/springframework/spring-jcl/5.3.14/spring-jcl-5.3.14.jar:/Users/cflossie/.m2/repository/org/springframework/spring-tx/5.3.14/spring-tx-5.3.14.jar:/Users/cflossie/.m2/repository/org/hsqldb/hsqldb/2.4.1/hsqldb-2.4.1.jar:"/>
    <property name="java.vm.vendor" value="Oracle Corporation"/>
    <property name="sun.arch.data.model" value="64"/>
    <property name="java.vendor.url" value="https://java.oracle.com/"/>
    <property name="os.name" value="Mac OS X"/>
    <property name="java.vm.specification.version" value="18"/>
    <property name="sun.java.launcher" value="SUN_STANDARD"/>
    <property name="user.country" value="US"/>
    <property name="sun.boot.library.path" value="/Library/Java/JavaVirtualMachines/jdk-18.0.1.1.jdk/Contents/Home/lib"/>
    <property name="sun.java.command" value="/opt/goinfre/cflossie/Java_Bootcamp._Day06-2/src/ex02/Tests/target/surefire/surefirebooter14425382922843028522.jar /opt/goinfre/cflossie/Java_Bootcamp._Day06-2/src/ex02/Tests/target/surefire 2023-03-21T16-33-48_147-jvmRun1 surefire9639839664925140851tmp surefire_017205296743183472326tmp"/>
    <property name="http.nonProxyHosts" value="local|*.local|169.254/16|*.169.254/16"/>
    <property name="jdk.debug" value="release"/>
    <property name="surefire.test.class.path" value="/opt/goinfre/cflossie/Java_Bootcamp._Day06-2/src/ex02/Tests/target/test-classes:/opt/goinfre/cflossie/Java_Bootcamp._Day06-2/src/ex02/Tests/target/classes:/Users/cflossie/.m2/repository/org/junit/jupiter/junit-jupiter-engine/5.8.2/junit-jupiter-engine-5.8.2.jar:/Users/cflossie/.m2/repository/org/junit/platform/junit-platform-engine/1.8.2/junit-platform-engine-1.8.2.jar:/Users/cflossie/.m2/repository/org/apiguardian/apiguardian-api/1.1.2/apiguardian-api-1.1.2.jar:/Users/cflossie/.m2/repository/org/junit/jupiter/junit-jupiter-params/5.8.2/junit-jupiter-params-5.8.2.jar:/Users/cflossie/.m2/repository/org/junit/jupiter/junit-jupiter-api/5.8.2/junit-jupiter-api-5.8.2.jar:/Users/cflossie/.m2/repository/org/opentest4j/opentest4j/1.2.0/opentest4j-1.2.0.jar:/Users/cflossie/.m2/repository/org/junit/platform/junit-platform-commons/1.8.2/junit-platform-commons-1.8.2.jar:/Users/cflossie/.m2/repository/org/springframework/spring-jdbc/5.3.14/spring-jdbc-5.3.14.jar:/Users/cflossie/.m2/repository/org/springframework/spring-beans/5.3.14/spring-beans-5.3.14.jar:/Users/cflossie/.m2/repository/org/springframework/spring-core/5.3.14/spring-core-5.3.14.jar:/Users/cflossie/.m2/repository/org/springframework/spring-jcl/5.3.14/spring-jcl-5.3.14.jar:/Users/cflossie/.m2/repository/org/springframework/spring-tx/5.3.14/spring-tx-5.3.14.jar:/Users/cflossie/.m2/repository/org/hsqldb/hsqldb/2.4.1/hsqldb-2.4.1.jar:"/>
    <property name="sun.cpu.endian" value="little"/>
    <property name="user.home" value="/Users/cflossie"/>
    <property name="user.language" value="ru"/>
    <property name="java.specification.vendor" value="Oracle Corporation"/>
    <property name="java.version.date" value="2022-04-22"/>
    <property name="java.home" value="/Library/Java/JavaVirtualMachines/jdk-18.0.1.1.jdk/Contents/Home"/>
    <property name="file.separator" value="/"/>
    <property name="basedir" value="/opt/goinfre/cflossie/Java_Bootcamp._Day06-2/src/ex02/Tests"/>
    <property name="java.vm.compressedOopsMode" value="Zero based"/>
    <property name="line.separator" value="&#10;"/>
    <property name="java.vm.specification.vendor" value="Oracle Corporation"/>
    <property name="java.specification.name" value="Java Platform API Specification"/>
    <property name="apple.awt.application.name" value="ForkedBooter"/>
    <property name="surefire.real.class.path" value="/opt/goinfre/cflossie/Java_Bootcamp._Day06-2/src/ex02/Tests/target/surefire/surefirebooter14425382922843028522.jar"/>
    <property name="sun.management.compiler" value="HotSpot 64-Bit Tiered Compilers"/>
    <property name="ftp.nonProxyHosts" value="local|*.local|169.254/16|*.169.254/16"/>
    <property name="java.runtime.version" value="18.0.1.1+2-6"/>
    <property name="user.name" value="cflossie"/>
    <property name="path.separator" value=":"/>
    <property name="os.version" value="11.4"/>
    <property name="java.runtime.name" value="Java(TM) SE Runtime Environment"/>
    <property name="file.encoding" value="UTF-8"/>
    <property name="java.vm.name" value="Java HotSpot(TM) 64-Bit Server VM"/>
    <property name="localRepository" value="/Users/cflossie/.m2/repository"/>
    <property name="java.vendor.url.bug" value="https://bugreport.java.com/bugreport/"/>
    <property name="java.io.tmpdir" value="/var/folders/zz/zyxvpxvq6csfxvn_n000cgpr0033xp/T/"/>
    <property name="idea.version" value="2022.3.3"/>
    <property name="java.version" value="18.0.1.1"/>
    <property name="user.dir" value="/opt/goinfre/cflossie/Java_Bootcamp._Day06-2/src/ex02/Tests"/>
    <property name="os.arch" value="x86_64"/>
    <property name="java.vm.specification.name" value="Java Virtual Machine Specification"/>
    <property name="native.encoding" value="UTF-8"/>
    <property name="java.library.path" value="/Users/cflossie/Library/Java/Extensions:/Library/Java/Extensions:/Network/Library/Java/Extensions:/System/Library/Java/Extensions:/usr/lib/java:."/>
    <property name="java.vm.info" value="mixed mode, sharing"/>
    <property name="java.vendor" value="Oracle Corporation"/>
    <property name="java.vm.version" value="18.0.1.1+2-6"/>
    <property name="sun.io.unicode.encoding" value="UnicodeBig"/>
    <property name="socksNonProxyHosts" value="local|*.local|169.254/16|*.169.254/16"/>
    <property name="java.class.version" value="62.0"/>
  </properties>
  <testcase name="isPrimeForNotPrimes{int}[1]" classname="edu.school21.numbers.NumberWorkerTest" time="0.031"/>
  <testcase name="isPrimeForNotPrimes{int}[2]" classname="edu.school21.numbers.NumberWorkerTest" time="0.001"/>
  <testcase name="isPrimeForNotPrimes{int}[3]" classname="edu.school21.numbers.NumberWorkerTest" time="0.001"/>
  <testcase name="isPrimeForNotPrimes{int}[4]" classname="edu.school21.numbers.NumberWorkerTest" time="0.001"/>
  <testcase name="isPrimeForNotPrimes{int}[5]" classname="edu.school21.numbers.NumberWorkerTest" time="0.001"/>
  <testcase name="isPrimeForNotPrimes{int}[6]" classname="edu.school21.numbers.NumberWorkerTest" time="0"/>
  <testcase name="isPrimeForNotPrimes{int}[7]" classname="edu.school21.numbers.NumberWorkerTest" time="0.001"/>
  <testcase name="isPrimeForNotPrimes{int}[8]" classname="edu.school21.numbers.NumberWorkerTest" time="0.001"/>
  <testcase name="isPrimeForNotPrimes{int}[9]" classname="edu.school21.numbers.NumberWorkerTest" time="0.001"/>
  <testcase name="isPrimeForNotPrimes{int}[10]" classname="edu.school21.numbers.NumberWorkerTest" time="0.001"/>
  <testcase name="isPrimeForNotPrimes{int}[11]" classname="edu.school21.numbers.NumberWorkerTest" time="0"/>
  <testcase name="isPrimeForNotPrimes{int}[12]" classname="edu.school21.numbers.NumberWorkerTest" time="0"/>
  <testcase name="CheckDigitSum{int, int}[1]" classname="edu.school21.numbers.NumberWorkerTest" time="0.003"/>
  <testcase name="CheckDigitSum{int, int}[2]" classname="edu.school21.numbers.NumberWorkerTest" time="0.001"/>
  <testcase name="CheckDigitSum{int, int}[3]" classname="edu.school21.numbers.NumberWorkerTest" time="0.001"/>
  <testcase name="CheckDigitSum{int, int}[4]" classname="edu.school21.numbers.NumberWorkerTest" time="0.001"/>
  <testcase name="CheckDigitSum{int, int}[5]" classname="edu.school21.numbers.NumberWorkerTest" time="0.001"/>
  <testcase name="isPrimeForPrimes{int}[1]" classname="edu.school21.numbers.NumberWorkerTest" time="0"/>
  <testcase name="isPrimeForPrimes{int}[2]" classname="edu.school21.numbers.NumberWorkerTest" time="0"/>
  <testcase name="isPrimeForPrimes{int}[3]" classname="edu.school21.numbers.NumberWorkerTest" time="0"/>
  <testcase name="isPrimeForPrimes{int}[4]" classname="edu.school21.numbers.NumberWorkerTest" time="0"/>
  <testcase name="isPrimeForPrimes{int}[5]" classname="edu.school21.numbers.NumberWorkerTest" time="0"/>
  <testcase name="isPrimeForPrimes{int}[6]" classname="edu.school21.numbers.NumberWorkerTest" time="0.001"/>
  <testcase name="isPrimeForPrimes{int}[7]" classname="edu.school21.numbers.NumberWorkerTest" time="0.001"/>
  <testcase name="isPrimeForPrimes{int}[8]" classname="edu.school21.numbers.NumberWorkerTest" time="0"/>
  <testcase name="isPrimeForPrimes{int}[9]" classname="edu.school21.numbers.NumberWorkerTest" time="0"/>
  <testcase name="isPrimeForPrimes{int}[10]" classname="edu.school21.numbers.NumberWorkerTest" time="0"/>
  <testcase name="isPrimeForPrimes{int}[11]" classname="edu.school21.numbers.NumberWorkerTest" time="0.001"/>
  <testcase name="isPrimeForPrimes{int}[12]" classname="edu.school21.numbers.NumberWorkerTest" time="0"/>
  <testcase name="isPrimeForPrimes{int}[13]" classname="edu.school21.numbers.NumberWorkerTest" time="0"/>
  <testcase name="isPrimeForPrimes{int}[14]" classname="edu.school21.numbers.NumberWorkerTest" time="0"/>
  <testcase name="isPrimeForPrimes{int}[15]" classname="edu.school21.numbers.NumberWorkerTest" time="0"/>
  <testcase name="isPrimeForPrimes{int}[16]" classname="edu.school21.numbers.NumberWorkerTest" time="0"/>
  <testcase name="isPrimeForPrimes{int}[17]" classname="edu.school21.numbers.NumberWorkerTest" time="0.001"/>
  <testcase name="isPrimeForPrimes{int}[18]" classname="edu.school21.numbers.NumberWorkerTest" time="0"/>
  <testcase name="isPrimeForPrimes{int}[19]" classname="edu.school21.numbers.NumberWorkerTest" time="0"/>
  <testcase name="isPrimeForPrimes{int}[20]" classname="edu.school21.numbers.NumberWorkerTest" time="0"/>
  <testcase name="isPrimeForPrimes{int}[21]" classname="edu.school21.numbers.NumberWorkerTest" time="0"/>
  <testcase name="isPrimeForPrimes{int}[22]" classname="edu.school21.numbers.NumberWorkerTest" time="0.001"/>
  <testcase name="isPrimeForPrimes{int}[23]" classname="edu.school21.numbers.NumberWorkerTest" time="0"/>
  <testcase name="isPrimeForPrimes{int}[24]" classname="edu.school21.numbers.NumberWorkerTest" time="0"/>
  <testcase name="isPrimeForPrimes{int}[25]" classname="edu.school21.numbers.NumberWorkerTest" time="0"/>
  <testcase name="isPrimeForPrimes{int}[26]" classname="edu.school21.numbers.NumberWorkerTest" time="0.001"/>
  <testcase name="isPrimeForPrimes{int}[27]" classname="edu.school21.numbers.NumberWorkerTest" time="0"/>
  <testcase name="isPrimeForPrimes{int}[28]" classname="edu.school21.numbers.NumberWorkerTest" time="0"/>
  <testcase name="isPrimeForPrimes{int}[29]" classname="edu.school21.numbers.NumberWorkerTest" time="0.001"/>
  <testcase name="isPrimeForPrimes{int}[30]" classname="edu.school21.numbers.NumberWorkerTest" time="0"/>
  <testcase name="isPrimeForPrimes{int}[31]" classname="edu.school21.numbers.NumberWorkerTest" time="0"/>
  <testcase name="isPrimeForPrimes{int}[32]" classname="edu.school21.numbers.NumberWorkerTest" time="0"/>
  <testcase name="isPrimeForPrimes{int}[33]" classname="edu.school21.numbers.NumberWorkerTest" time="0.001"/>
  <testcase name="isPrimeForPrimes{int}[34]" classname="edu.school21.numbers.NumberWorkerTest" time="0"/>
  <testcase name="isPrimeForPrimes{int}[35]" classname="edu.school21.numbers.NumberWorkerTest" time="0"/>
  <testcase name="isPrimeForPrimes{int}[36]" classname="edu.school21.numbers.NumberWorkerTest" time="0.001"/>
  <testcase name="isPrimeForPrimes{int}[37]" classname="edu.school21.numbers.NumberWorkerTest" time="0"/>
  <testcase name="isPrimeForPrimes{int}[38]" classname="edu.school21.numbers.NumberWorkerTest" time="0"/>
  <testcase name="isPrimeForPrimes{int}[39]" classname="edu.school21.numbers.NumberWorkerTest" time="0"/>
  <testcase name="isPrimeForPrimes{int}[40]" classname="edu.school21.numbers.NumberWorkerTest" time="0"/>
  <testcase name="isPrimeForIncorrectNumbers{int}[1]" classname="edu.school21.numbers.NumberWorkerTest" time="0.038"/>
  <testcase name="isPrimeForIncorrectNumbers{int}[2]" classname="edu.school21.numbers.NumberWorkerTest" time="0.001"/>
  <testcase name="isPrimeForIncorrectNumbers{int}[3]" classname="edu.school21.numbers.NumberWorkerTest" time="0"/>
  <testcase name="isPrimeForIncorrectNumbers{int}[4]" classname="edu.school21.numbers.NumberWorkerTest" time="0"/>
  <testcase name="isPrimeForIncorrectNumbers{int}[5]" classname="edu.school21.numbers.NumberWorkerTest" time="0.001"/>
  <testcase name="isPrimeForIncorrectNumbers{int}[6]" classname="edu.school21.numbers.NumberWorkerTest" time="0"/>
  <testcase name="isPrimeForIncorrectNumbers{int}[7]" classname="edu.school21.numbers.NumberWorkerTest" time="0"/>
  <testcase name="isPrimeForIncorrectNumbers{int}[8]" classname="edu.school21.numbers.NumberWorkerTest" time="0.001"/>
  <testcase name="isPrimeForIncorrectNumbers{int}[9]" classname="edu.school21.numbers.NumberWorkerTest" time="0"/>
  <testcase name="isPrimeForIncorrectNumbers{int}[10]" classname="edu.school21.numbers.NumberWorkerTest" time="0"/>
  <testcase name="isPrimeForIncorrectNumbers{int}[11]" classname="edu.school21.numbers.NumberWorkerTest" time="0"/>
  <testcase name="isPrimeForIncorrectNumbers{int}[12]" classname="edu.school21.numbers.NumberWorkerTest" time="0"/>
  <testcase name="isPrimeForIncorrectNumbers{int}[13]" classname="edu.school21.numbers.NumberWorkerTest" time="0.001"/>
</testsuite>